<?xml version="1.0" encoding="UTF-8"?>
<!-- Generated by org.testng.reporters.JUnitReportReporter -->
<testsuite skipped="0" hostname="Neelima" name="com.crm.qa.testcases.LoginPageTest" tests="3" failures="0" timestamp="15 Nov 2018 05:03:55 GMT" time="14.037" errors="0">
  <testcase name="loginPageTitleTest" time="3.239" classname="com.crm.qa.testcases.LoginPageTest"/>
  <testcase name="crmLogoImageTest" time="2.962" classname="com.crm.qa.testcases.LoginPageTest"/>
  <testcase name="loginTest" time="7.836" classname="com.crm.qa.testcases.LoginPageTest"/>
</testsuite> <!-- com.crm.qa.testcases.LoginPageTest -->
