<?xml version="1.0" encoding="UTF-8"?>
<!-- Generated by org.testng.reporters.JUnitReportReporter -->
<testsuite skipped="0" hostname="Neelima" name="com.crm.qa.testcases.LoginPageTest" tests="3" failures="0" timestamp="28 Oct 2018 22:04:14 GMT" time="13.830" errors="0">
  <testcase name="loginPageTitleTest" time="3.269" classname="com.crm.qa.testcases.LoginPageTest"/>
  <testcase name="crmLogoImageTest" time="3.176" classname="com.crm.qa.testcases.LoginPageTest"/>
  <testcase name="loginTest" time="7.385" classname="com.crm.qa.testcases.LoginPageTest"/>
</testsuite> <!-- com.crm.qa.testcases.LoginPageTest -->
