<?xml version="1.0" encoding="UTF-8"?>
<!-- Generated by org.testng.reporters.JUnitReportReporter -->
<testsuite skipped="0" hostname="Neelima" name="com.crm.qa.testcases.LoginPageTest" tests="3" failures="0" timestamp="15 Nov 2018 04:13:01 GMT" time="14.998" errors="0">
  <testcase name="loginPageTitleTest" time="3.766" classname="com.crm.qa.testcases.LoginPageTest"/>
  <testcase name="crmLogoImageTest" time="3.670" classname="com.crm.qa.testcases.LoginPageTest"/>
  <testcase name="loginTest" time="7.562" classname="com.crm.qa.testcases.LoginPageTest"/>
</testsuite> <!-- com.crm.qa.testcases.LoginPageTest -->
